Tag Tool [1.5.6678.2466]

Please report any bugs and/or feature requests at
<https://gitlab.com/TheGuardians/TagTool/issues>.

Enter "help" to list available commands. Enter "exit" to quit.

tags> edittag 0x1FC9
Tag (0x1FC9) sniperrifle_fire_01.sound has been opened for editing.
New commands are now available. Enter "help" to view them.
Use "exit" to return to tags.

tags\(0x1FC9) sniperrifle_fire_01.sound> resourcedata import audio tags/sniper_fire.mp3
New Geometry resource index = 0x06E9, 1769
Done.

tags\(0x1FC9) sniperrifle_fire_01.sound> editblock playbackparameters

tags\(0x1FC9) sniperrifle_fire_01.sound\playbackparameters> setfield gainbase 3
GainBase: Single = 3

tags\(0x1FC9) sniperrifle_fire_01.sound\playbackparameters> exit

tags\(0x1FC9) sniperrifle_fire_01.sound> savetagchanges
Done!

tags\(0x1FC9) sniperrifle_fire_01.sound> exit

tags> 

tags> edittag 0x1FCB
Tag (0x1FCB) sniperrifle_fire_lod_01.sound has been opened for editing.
New commands are now available. Enter "help" to view them.
Use "exit" to return to tags.

tags\(0x1FCB) sniperrifle_fire_lod_01.sound> resourcedata import audio tags/fire_far.mp3
New Geometry resource index = 0x06EA, 1770
Done.

tags\(0x1FCB) sniperrifle_fire_lod_01.sound> savetagchanges
Done!

tags\(0x1FCB) sniperrifle_fire_lod_01.sound> exit

tags> 

tags> dumplog reachSniperSounds.log
