Tag Tool [1.5.6338.16883]

Please report any bugs and/or feature requests at
<https://gitlab.com/TheGuardians/TagTool/issues>.

Enter "help" to list available commands. Enter "exit" to quit.

tags> echo   Installing H3 Style Brute Weapons RED
Installing H3 Style Brute Weapons RED 
tags> 

tags> SetLocale US

tags> 

tags> edittag 0x1189
Tag (0x1189) self_illum.bitmap has been opened for editing.
New commands are now available. Enter "help" to view them.
Use "exit" to return to tags.

tags\(0x1189) self_illum.bitmap> importbitmap 1189 DDS\mauler.dds
ERROR: Index was out of range. Must be non-negative and less than the size of the collection.
Parameter name: index

tags\(0x1189) self_illum.bitmap> savetagchanges
Done!

tags\(0x1189) self_illum.bitmap> exit

tags> 

tags> importtag 0x1186 tags\mauler01.shader
Imported 0xF60 bytes.

tags> importtag 0x3202 tags\hammer02.shader
Imported 0x5C0 bytes.

tags> importtag 0x1D1C tags\bruteshot00.shader
Imported 0xBC0 bytes.

tags> 

tags> edittag 0x205E
Tag (0x205E) self_illum.bitmap has been opened for editing.
New commands are now available. Enter "help" to view them.
Use "exit" to return to tags.

tags\(0x205E) self_illum.bitmap> importbitmap 205E DDS\spiker.dds
ERROR: Index was out of range. Must be non-negative and less than the size of the collection.
Parameter name: index
