Tag Tool [1.0.5907.15260]

Please report any bugs and feature requests at
<https://github.com/camden-smallwood/TagTool/issues>.

Reading tags...23263 tags loaded.
- Detected target engine version 1.106708 cert_ms23.
- This cache file was built on 2015-03-20 at 10:40 AM.
Reading stringIDs...39505 strings loaded.

Enter "help" to list available commands. Enter "exit" to quit.

tags.dat> resourcedata import audio.dat 0463 tags/h3BR.mp3
Imported 0x5FEB2 bytes.
Compressed size = 0x5F296

tags.dat> 

tags.dat> import 1D91 tags/1D91_BR.snd!
Imported 0x7C0 bytes.

tags.dat> 

tags.dat> edit 1D91
Tag 0x00001D91.sound has been opened for editing.
New commands are now available. Enter "help" to view them.
Use "exit" to return to tags.dat.

tags.dat\0x1D91.sound> Setfield GainBase 0
GainBase: Single = 0

tags.dat\0x1D91.sound> savechanges
Done!

tags.dat\0x1D91.sound> exit

tags.dat> 

tags.dat> dumplog h3BRSound.log
